<?xml version="1.0" encoding="UTF-8"?>
<!-- Generated by org.testng.reporters.JUnitReportReporter -->
<testsuite name="com.eprocbilling.qa.test.LoginPageTest" tests="2" time="12.081" ignored="0" failures="0" timestamp="05 Mar 2020 10:57:20 GMT" skipped="0" hostname="DESKTOP-027NKOQ" errors="0">
  <testcase name="ErrorMsgEmail" time="4.752" classname="com.eprocbilling.qa.test.LoginPageTest"/>
  <testcase name="Title" time="7.329" classname="com.eprocbilling.qa.test.LoginPageTest"/>
</testsuite> <!-- com.eprocbilling.qa.test.LoginPageTest -->
