<?xml version="1.0" encoding="UTF-8"?>
<!-- Generated by org.testng.reporters.JUnitReportReporter -->
<testsuite name="com.qa.eprocbilling.test.ItemPageTest" tests="2" time="31.339" ignored="0" failures="0" timestamp="12 Mar 2020 18:56:39 GMT" skipped="0" hostname="DESKTOP-027NKOQ" errors="0">
  <testcase name="chektitle" time="17.147" classname="com.qa.eprocbilling.test.ItemPageTest"/>
  <testcase name="searchItem" time="14.192" classname="com.qa.eprocbilling.test.ItemPageTest"/>
</testsuite> <!-- com.qa.eprocbilling.test.ItemPageTest -->
