<?xml version="1.0" encoding="UTF-8"?>
<!-- Generated by org.testng.reporters.JUnitReportReporter -->
<testsuite name="com.qa.eprocbilling.test.LoginPageTest" tests="4" time="29.598" ignored="0" failures="0" timestamp="12 Mar 2020 18:56:39 GMT" skipped="0" hostname="DESKTOP-027NKOQ" errors="0">
  <testcase name="invalidLoginPageTest" time="8.902" classname="com.qa.eprocbilling.test.LoginPageTest"/>
  <testcase name="LoginPageTitleTest" time="5.805" classname="com.qa.eprocbilling.test.LoginPageTest"/>
  <testcase name="loginTest" time="8.715" classname="com.qa.eprocbilling.test.LoginPageTest"/>
  <testcase name="validateLogo" time="6.176" classname="com.qa.eprocbilling.test.LoginPageTest"/>
</testsuite> <!-- com.qa.eprocbilling.test.LoginPageTest -->
