<?xml version="1.0" encoding="UTF-8"?>
<!-- Generated by org.testng.reporters.JUnitReportReporter -->
<testsuite name="com.qa.eprocbilling.test.AddNewCustomerPageTest" tests="2" time="36.045" ignored="0" failures="0" timestamp="12 Mar 2020 18:56:39 GMT" skipped="0" hostname="DESKTOP-027NKOQ" errors="0">
  <testcase name="customerpageTest" time="17.639" classname="com.qa.eprocbilling.test.AddNewCustomerPageTest"/>
  <testcase name="customerpageTest" time="18.406" classname="com.qa.eprocbilling.test.AddNewCustomerPageTest"/>
</testsuite> <!-- com.qa.eprocbilling.test.AddNewCustomerPageTest -->
