<?xml version="1.0" encoding="UTF-8"?>
<!-- Generated by org.testng.reporters.JUnitReportReporter -->
<testsuite name="com.qa.eprocbilling.test.MainMenuTest" tests="1" time="27.342" ignored="0" failures="0" timestamp="12 Mar 2020 18:56:39 GMT" skipped="0" hostname="DESKTOP-027NKOQ" errors="0">
  <testcase name="menupagetitleTest" time="27.342" classname="com.qa.eprocbilling.test.MainMenuTest"/>
</testsuite> <!-- com.qa.eprocbilling.test.MainMenuTest -->
