<?xml version="1.0" encoding="UTF-8"?>
<!-- Generated by org.testng.reporters.JUnitReportReporter -->
<testsuite name="com.qa.eprocbilling.test.AddItemPageTest" tests="1" time="67.976" ignored="0" failures="0" timestamp="12 Mar 2020 19:36:18 GMT" skipped="0" hostname="DESKTOP-027NKOQ" errors="0">
  <testcase name="ItemDetailTest" time="67.976" classname="com.qa.eprocbilling.test.AddItemPageTest"/>
</testsuite> <!-- com.qa.eprocbilling.test.AddItemPageTest -->
