<?xml version="1.0" encoding="UTF-8"?>
<!-- Generated by org.testng.reporters.JUnitReportReporter -->
<testsuite name="com.qa.eprocbilling.test.HomePageTest" tests="2" time="18.976" ignored="0" failures="0" timestamp="12 Mar 2020 18:56:39 GMT" skipped="0" hostname="DESKTOP-027NKOQ" errors="0">
  <testcase name="onMainmenupage" time="9.361" classname="com.qa.eprocbilling.test.HomePageTest"/>
  <testcase name="validatePageTitle" time="9.615" classname="com.qa.eprocbilling.test.HomePageTest"/>
</testsuite> <!-- com.qa.eprocbilling.test.HomePageTest -->
